<?xml version="1.0" encoding="UTF-8"?>
<!-- Generated by org.testng.reporters.JUnitReportReporter -->
<testsuite skipped="0" hostname="mt-hsingh" name="SeleniumJava.AppiumTest" tests="2" failures="0" timestamp="2022-03-09T10:02:17 EST" time="0.024" errors="0">
  <testcase name="AndroidApp" time="0.023" classname="SeleniumJava.AppiumTest"/>
  <system-out/>
  <testcase name="iOSApp" time="0.001" classname="SeleniumJava.AppiumTest"/>
  <system-out/>
</testsuite> <!-- SeleniumJava.AppiumTest -->
